{"contracts\\GBCDeFi.sol":{"l":{"29":3,"30":3,"40":7,"44":5,"45":3,"51":1,"60":1,"61":1,"62":1,"63":1,"64":1,"75":3,"80":2,"86":2,"94":2,"98":1,"102":9,"103":7},"path":"C:\\AdvanceSC\\GBCDeFi\\contracts\\GBCDeFi.sol","s":{"1":3,"2":3,"3":7,"4":5,"5":3,"6":1,"7":1,"8":1,"9":1,"10":1,"11":3,"12":2,"13":2,"14":2,"15":1,"16":9},"b":{"1":[5,2],"2":[3,2],"3":[1,2],"4":[2,1],"5":[1,1],"6":[7,2]},"f":{"1":3,"2":7,"3":3,"4":2,"5":9},"fnMap":{"1":{"name":"constructor","line":28,"loc":{"start":{"line":28,"column":4},"end":{"line":31,"column":4}}},"2":{"name":"createTokenLoan","line":36,"loc":{"start":{"line":34,"column":4},"end":{"line":65,"column":4}}},"3":{"name":"getvalueInterestLoan","line":69,"loc":{"start":{"line":69,"column":4},"end":{"line":89,"column":4}}},"4":{"name":"getTotalValuePayTokenLoan","line":92,"loc":{"start":{"line":92,"column":4},"end":{"line":99,"column":4}}},"5":{"name":"onlyManager","line":101,"loc":{"start":{"line":101,"column":4},"end":{"line":104,"column":4}}}},"statementMap":{"1":{"start":{"line":29,"column":8},"end":{"line":29,"column":44}},"2":{"start":{"line":30,"column":8},"end":{"line":30,"column":27}},"3":{"start":{"line":40,"column":8},"end":{"line":40,"column":1300}},"4":{"start":{"line":44,"column":8},"end":{"line":44,"column":59}},"5":{"start":{"line":45,"column":8},"end":{"line":45,"column":1509}},"6":{"start":{"line":51,"column":8},"end":{"line":51,"column":1680}},"7":{"start":{"line":60,"column":8},"end":{"line":60,"column":42}},"8":{"start":{"line":61,"column":8},"end":{"line":61,"column":47}},"9":{"start":{"line":62,"column":8},"end":{"line":62,"column":53}},"10":{"start":{"line":64,"column":8},"end":{"line":64,"column":36}},"11":{"start":{"line":75,"column":8},"end":{"line":75,"column":2472}},"12":{"start":{"line":80,"column":8},"end":{"line":80,"column":2678}},"13":{"start":{"line":86,"column":8},"end":{"line":86,"column":3004}},"14":{"start":{"line":94,"column":8},"end":{"line":94,"column":3268}},"15":{"start":{"line":98,"column":8},"end":{"line":98,"column":79}},"16":{"start":{"line":102,"column":8},"end":{"line":102,"column":74}}},"branchMap":{"1":{"line":40,"type":"if","locations":[{"start":{"line":40,"column":8},"end":{"line":40,"column":8}},{"start":{"line":40,"column":8},"end":{"line":40,"column":8}}]},"2":{"line":44,"type":"if","locations":[{"start":{"line":44,"column":8},"end":{"line":44,"column":8}},{"start":{"line":44,"column":8},"end":{"line":44,"column":8}}]},"3":{"line":45,"type":"if","locations":[{"start":{"line":45,"column":8},"end":{"line":45,"column":8}},{"start":{"line":45,"column":8},"end":{"line":45,"column":8}}]},"4":{"line":75,"type":"if","locations":[{"start":{"line":75,"column":8},"end":{"line":75,"column":8}},{"start":{"line":75,"column":8},"end":{"line":75,"column":8}}]},"5":{"line":94,"type":"if","locations":[{"start":{"line":94,"column":8},"end":{"line":94,"column":8}},{"start":{"line":94,"column":8},"end":{"line":94,"column":8}}]},"6":{"line":102,"type":"if","locations":[{"start":{"line":102,"column":8},"end":{"line":102,"column":8}},{"start":{"line":102,"column":8},"end":{"line":102,"column":8}}]}}},"contracts\\GBCDeFiOracleRate.sol":{"l":{"10":6,"11":6,"15":2,"19":4,"20":2,"24":6,"25":4},"path":"C:\\AdvanceSC\\GBCDeFi\\contracts\\GBCDeFiOracleRate.sol","s":{"1":6,"2":6,"3":2,"4":4,"5":2,"6":6},"b":{"1":[2,2],"2":[4,2]},"f":{"1":6,"2":2,"3":4,"4":6},"fnMap":{"1":{"name":"constructor","line":9,"loc":{"start":{"line":9,"column":4},"end":{"line":12,"column":4}}},"2":{"name":"getRate","line":14,"loc":{"start":{"line":14,"column":4},"end":{"line":16,"column":4}}},"3":{"name":"setRate","line":18,"loc":{"start":{"line":18,"column":4},"end":{"line":21,"column":4}}},"4":{"name":"onlyManager","line":23,"loc":{"start":{"line":23,"column":4},"end":{"line":26,"column":4}}}},"statementMap":{"1":{"start":{"line":10,"column":8},"end":{"line":10,"column":19}},"2":{"start":{"line":11,"column":8},"end":{"line":11,"column":27}},"3":{"start":{"line":15,"column":8},"end":{"line":15,"column":23}},"4":{"start":{"line":19,"column":8},"end":{"line":19,"column":75}},"5":{"start":{"line":20,"column":8},"end":{"line":20,"column":27}},"6":{"start":{"line":24,"column":8},"end":{"line":24,"column":74}}},"branchMap":{"1":{"line":19,"type":"if","locations":[{"start":{"line":19,"column":8},"end":{"line":19,"column":8}},{"start":{"line":19,"column":8},"end":{"line":19,"column":8}}]},"2":{"line":24,"type":"if","locations":[{"start":{"line":24,"column":8},"end":{"line":24,"column":8}},{"start":{"line":24,"column":8},"end":{"line":24,"column":8}}]}}}}