{"contracts\\GBCDeFi.sol":{"l":{"29":3,"30":3,"39":7,"43":5,"44":3,"50":1,"59":1,"60":1,"61":1,"62":1,"63":1,"72":2,"77":1,"83":1,"89":9,"90":7},"path":"C:\\AdvanceSC\\GBCDeFi\\contracts\\GBCDeFi.sol","s":{"1":3,"2":3,"3":7,"4":5,"5":3,"6":1,"7":1,"8":1,"9":1,"10":1,"11":2,"12":1,"13":1,"14":9},"b":{"1":[5,2],"2":[3,2],"3":[1,2],"4":[1,1],"5":[7,2]},"f":{"1":3,"2":7,"3":2,"4":9},"fnMap":{"1":{"name":"constructor","line":28,"loc":{"start":{"line":28,"column":4},"end":{"line":31,"column":4}}},"2":{"name":"createTokenLoan","line":35,"loc":{"start":{"line":33,"column":4},"end":{"line":64,"column":4}}},"3":{"name":"getvalueInterestLoan","line":66,"loc":{"start":{"line":66,"column":4},"end":{"line":86,"column":4}}},"4":{"name":"onlyManager","line":88,"loc":{"start":{"line":88,"column":4},"end":{"line":91,"column":4}}}},"statementMap":{"1":{"start":{"line":29,"column":8},"end":{"line":29,"column":44}},"2":{"start":{"line":30,"column":8},"end":{"line":30,"column":27}},"3":{"start":{"line":39,"column":8},"end":{"line":39,"column":1239}},"4":{"start":{"line":43,"column":8},"end":{"line":43,"column":59}},"5":{"start":{"line":44,"column":8},"end":{"line":44,"column":1448}},"6":{"start":{"line":50,"column":8},"end":{"line":50,"column":1619}},"7":{"start":{"line":59,"column":8},"end":{"line":59,"column":42}},"8":{"start":{"line":60,"column":8},"end":{"line":60,"column":47}},"9":{"start":{"line":61,"column":8},"end":{"line":61,"column":53}},"10":{"start":{"line":63,"column":8},"end":{"line":63,"column":36}},"11":{"start":{"line":72,"column":8},"end":{"line":72,"column":2328}},"12":{"start":{"line":77,"column":8},"end":{"line":77,"column":2525}},"13":{"start":{"line":83,"column":8},"end":{"line":83,"column":2851}},"14":{"start":{"line":89,"column":8},"end":{"line":89,"column":74}}},"branchMap":{"1":{"line":39,"type":"if","locations":[{"start":{"line":39,"column":8},"end":{"line":39,"column":8}},{"start":{"line":39,"column":8},"end":{"line":39,"column":8}}]},"2":{"line":43,"type":"if","locations":[{"start":{"line":43,"column":8},"end":{"line":43,"column":8}},{"start":{"line":43,"column":8},"end":{"line":43,"column":8}}]},"3":{"line":44,"type":"if","locations":[{"start":{"line":44,"column":8},"end":{"line":44,"column":8}},{"start":{"line":44,"column":8},"end":{"line":44,"column":8}}]},"4":{"line":72,"type":"if","locations":[{"start":{"line":72,"column":8},"end":{"line":72,"column":8}},{"start":{"line":72,"column":8},"end":{"line":72,"column":8}}]},"5":{"line":89,"type":"if","locations":[{"start":{"line":89,"column":8},"end":{"line":89,"column":8}},{"start":{"line":89,"column":8},"end":{"line":89,"column":8}}]}}},"contracts\\GBCDeFiOracleRate.sol":{"l":{"10":6,"11":6,"15":2,"19":4,"20":2,"24":6,"25":4},"path":"C:\\AdvanceSC\\GBCDeFi\\contracts\\GBCDeFiOracleRate.sol","s":{"1":6,"2":6,"3":2,"4":4,"5":2,"6":6},"b":{"1":[2,2],"2":[4,2]},"f":{"1":6,"2":2,"3":4,"4":6},"fnMap":{"1":{"name":"constructor","line":9,"loc":{"start":{"line":9,"column":4},"end":{"line":12,"column":4}}},"2":{"name":"getRate","line":14,"loc":{"start":{"line":14,"column":4},"end":{"line":16,"column":4}}},"3":{"name":"setRate","line":18,"loc":{"start":{"line":18,"column":4},"end":{"line":21,"column":4}}},"4":{"name":"onlyManager","line":23,"loc":{"start":{"line":23,"column":4},"end":{"line":26,"column":4}}}},"statementMap":{"1":{"start":{"line":10,"column":8},"end":{"line":10,"column":19}},"2":{"start":{"line":11,"column":8},"end":{"line":11,"column":27}},"3":{"start":{"line":15,"column":8},"end":{"line":15,"column":23}},"4":{"start":{"line":19,"column":8},"end":{"line":19,"column":75}},"5":{"start":{"line":20,"column":8},"end":{"line":20,"column":27}},"6":{"start":{"line":24,"column":8},"end":{"line":24,"column":74}}},"branchMap":{"1":{"line":19,"type":"if","locations":[{"start":{"line":19,"column":8},"end":{"line":19,"column":8}},{"start":{"line":19,"column":8},"end":{"line":19,"column":8}}]},"2":{"line":24,"type":"if","locations":[{"start":{"line":24,"column":8},"end":{"line":24,"column":8}},{"start":{"line":24,"column":8},"end":{"line":24,"column":8}}]}}}}